<?xml version="1.0" encoding="UTF-8"?>
<!-- Generated by org.testng.reporters.JUnitReportReporter -->
<testsuite hostname="LAPTOP-RVFFG2S9" name="com.test.MyRunner.TestNGTestRunner" tests="1" failures="0" timestamp="11 Feb 2020 09:15:00 GMT" time="8.518" errors="0">
  <testcase name="feature" time="8.518" classname="com.test.MyRunner.TestNGTestRunner"/>
</testsuite> <!-- com.test.MyRunner.TestNGTestRunner -->
