<?xml version="1.0" encoding="UTF-8"?>
<!-- Generated by org.testng.reporters.JUnitReportReporter -->
<testsuite hostname="LAPTOP-RVFFG2S9" name="com.API.xmlPack.XmlParametrization" tests="1" failures="0" timestamp="12 Feb 2020 14:40:51 GMT" time="81.383" errors="0">
  <testcase name="parametTC" time="81.383" classname="com.API.xmlPack.XmlParametrization"/>
</testsuite> <!-- com.API.xmlPack.XmlParametrization -->
