<?xml version="1.0" encoding="UTF-8"?>
<!-- Generated by org.testng.reporters.JUnitReportReporter -->
<testsuite hostname="LAPTOP-RVFFG2S9" name="com.allTestcases.TestMain" tests="1" failures="0" timestamp="31 Jan 2020 12:57:18 GMT" time="18.519" errors="0">
  <testcase name="tc1" time="18.519" classname="com.allTestcases.TestMain"/>
</testsuite> <!-- com.allTestcases.TestMain -->
