<?xml version="1.0" encoding="UTF-8"?>
<!-- Generated by org.testng.reporters.JUnitReportReporter -->
<testsuite hostname="LAPTOP-RVFFG2S9" name="com.Myprogam.Small.DataProviderClass" tests="2" failures="0" timestamp="10 Feb 2020 10:29:17 GMT" time="0.078" errors="0">
  <testcase name="tc1" time="0.047" classname="com.Myprogam.Small.DataProviderClass"/>
  <testcase name="tc1" time="0.031" classname="com.Myprogam.Small.DataProviderClass"/>
</testsuite> <!-- com.Myprogam.Small.DataProviderClass -->
