<?xml version="1.0" encoding="UTF-8"?>
<!-- Generated by org.testng.reporters.JUnitReportReporter -->
<testsuite hostname="A2ML31229" name="com.test.MyRunner.TestNGTestRunner" tests="1" failures="0" timestamp="31 Mar 2019 14:06:28 GMT" time="76.091" errors="0">
  <testcase name="feature" time="76.091" classname="com.test.MyRunner.TestNGTestRunner"/>
</testsuite> <!-- com.test.MyRunner.TestNGTestRunner -->
