<?xml version="1.0" encoding="UTF-8"?>
<!-- Generated by org.testng.reporters.JUnitReportReporter -->
<testsuite hostname="LAPTOP-RVFFG2S9" name="com.API.jsonPack.CallingAPI_TestCases" tests="3" failures="0" timestamp="10 Feb 2020 15:29:43 GMT" time="3.448" errors="0">
  <testcase name="apiTC2" time="0.000" classname="com.API.jsonPack.CallingAPI_TestCases"/>
  <testcase name="apiTC1" time="3.448" classname="com.API.jsonPack.CallingAPI_TestCases"/>
  <testcase name="apiTC3" time="0.000" classname="com.API.jsonPack.CallingAPI_TestCases"/>
</testsuite> <!-- com.API.jsonPack.CallingAPI_TestCases -->
